Library/Bee/Android/Prj/Mono2x/Gradle/unityLibrary/build/intermediates/manifest_merge_blame_file/release/manifest-merger-blame-release-report.txt
1<?xml version="1.0" encoding="utf-8"?>
2<manifest xmlns:android="http://schemas.android.com/apk/res/android"
3    xmlns:tools="http://schemas.android.com/tools"
4    package="com.unity3d.player"
5    android:installLocation="auto"
6    android:versionCode="1"
7    android:versionName="0.1" >
8
9    <uses-sdk
10        android:minSdkVersion="23"
10-->src\main\AndroidManifest.xml
11        android:targetSdkVersion="30" />
11-->src\main\AndroidManifest.xml
12
13    <uses-feature android:glEsVersion="0x00030000" />
13-->src\main\AndroidManifest.xml:26:3-52
13-->src\main\AndroidManifest.xml:26:17-49
14    <uses-feature
14-->src\main\AndroidManifest.xml:27:3-91
15        android:name="android.hardware.vulkan.version"
15-->src\main\AndroidManifest.xml:27:17-63
16        android:required="false" />
16-->src\main\AndroidManifest.xml:27:64-88
17
18    <uses-permission android:name="android.permission.INTERNET" />
18-->src\main\AndroidManifest.xml:28:3-65
18-->src\main\AndroidManifest.xml:28:20-62
19    <uses-permission android:name="android.permission.RECORD_AUDIO" />
19-->src\main\AndroidManifest.xml:29:3-69
19-->src\main\AndroidManifest.xml:29:20-66
20    <uses-permission android:name="android.permission.MODIFY_AUDIO_SETTINGS" />
20-->src\main\AndroidManifest.xml:30:3-78
20-->src\main\AndroidManifest.xml:30:20-75
21
22    <uses-feature
22-->src\main\AndroidManifest.xml:31:3-87
23        android:name="android.hardware.microphone"
23-->src\main\AndroidManifest.xml:31:17-59
24        android:required="false" />
24-->src\main\AndroidManifest.xml:31:60-84
25    <uses-feature
25-->src\main\AndroidManifest.xml:32:3-88
26        android:name="android.hardware.touchscreen"
26-->src\main\AndroidManifest.xml:32:17-60
27        android:required="false" />
27-->src\main\AndroidManifest.xml:32:61-85
28    <uses-feature
28-->src\main\AndroidManifest.xml:33:3-99
29        android:name="android.hardware.touchscreen.multitouch"
29-->src\main\AndroidManifest.xml:33:17-71
30        android:required="false" />
30-->src\main\AndroidManifest.xml:33:72-96
31    <uses-feature
31-->src\main\AndroidManifest.xml:34:3-108
32        android:name="android.hardware.touchscreen.multitouch.distinct"
32-->src\main\AndroidManifest.xml:34:17-80
33        android:required="false" />
33-->src\main\AndroidManifest.xml:34:81-105
34    <uses-feature
34-->src\main\AndroidManifest.xml:35:3-111
35        android:name="android.hardware.vr.headtracking"
35-->src\main\AndroidManifest.xml:35:17-64
36        android:required="true"
36-->src\main\AndroidManifest.xml:35:65-88
37        android:version="1" />
37-->src\main\AndroidManifest.xml:35:89-108
38
39    <application android:extractNativeLibs="true" >
39-->src\main\AndroidManifest.xml:3:3-25:17
39-->src\main\AndroidManifest.xml:3:16-48
40        <activity
40-->src\main\AndroidManifest.xml:4:5-13:16
41            android:name="com.unity3d.player.UnityPlayerActivity"
41-->src\main\AndroidManifest.xml:4:15-68
42            android:configChanges="keyboard|keyboardHidden|navigation|orientation|screenLayout|screenSize|uiMode"
42-->src\main\AndroidManifest.xml:4:204-305
43            android:hardwareAccelerated="false"
43-->src\main\AndroidManifest.xml:4:341-376
44            android:launchMode="singleTask"
44-->src\main\AndroidManifest.xml:4:172-203
45            android:resizeableActivity="false"
45-->src\main\AndroidManifest.xml:4:306-340
46            android:screenOrientation="landscape"
46-->src\main\AndroidManifest.xml:4:134-171
47            android:theme="@android:style/Theme.Black.NoTitleBar.Fullscreen" >
47-->src\main\AndroidManifest.xml:4:69-133
48            <intent-filter>
48-->src\main\AndroidManifest.xml:5:7-9:23
49                <action android:name="android.intent.action.MAIN" />
49-->src\main\AndroidManifest.xml:6:9-61
49-->src\main\AndroidManifest.xml:6:17-58
50
51                <category android:name="android.intent.category.LAUNCHER" />
51-->src\main\AndroidManifest.xml:7:9-69
51-->src\main\AndroidManifest.xml:7:19-66
52                <category android:name="com.oculus.intent.category.VR" />
52-->src\main\AndroidManifest.xml:8:9-66
52-->src\main\AndroidManifest.xml:8:19-63
53            </intent-filter>
54
55            <meta-data
55-->src\main\AndroidManifest.xml:10:7-82
56                android:name="unityplayer.UnityActivity"
56-->src\main\AndroidManifest.xml:10:18-58
57                android:value="true" />
57-->src\main\AndroidManifest.xml:10:59-79
58            <meta-data
58-->src\main\AndroidManifest.xml:11:7-78
59                android:name="android.notch_support"
59-->src\main\AndroidManifest.xml:11:18-54
60                android:value="true" />
60-->src\main\AndroidManifest.xml:11:55-75
61            <meta-data
61-->src\main\AndroidManifest.xml:12:7-81
62                android:name="com.oculus.vr.focusaware"
62-->src\main\AndroidManifest.xml:12:18-57
63                android:value="true" />
63-->src\main\AndroidManifest.xml:12:58-78
64        </activity>
65
66        <meta-data
66-->src\main\AndroidManifest.xml:14:5-69
67            android:name="unity.splash-mode"
67-->src\main\AndroidManifest.xml:14:16-48
68            android:value="0" />
68-->src\main\AndroidManifest.xml:14:49-66
69        <meta-data
69-->src\main\AndroidManifest.xml:15:5-74
70            android:name="unity.splash-enable"
70-->src\main\AndroidManifest.xml:15:16-50
71            android:value="True" />
71-->src\main\AndroidManifest.xml:15:51-71
72        <meta-data
72-->src\main\AndroidManifest.xml:16:5-78
73            android:name="unity.launch-fullscreen"
73-->src\main\AndroidManifest.xml:16:16-54
74            android:value="True" />
74-->src\main\AndroidManifest.xml:16:55-75
75        <meta-data
75-->src\main\AndroidManifest.xml:17:5-84
76            android:name="unity.allow-resizable-window"
76-->src\main\AndroidManifest.xml:17:16-59
77            android:value="False" />
77-->src\main\AndroidManifest.xml:17:60-81
78        <meta-data
78-->src\main\AndroidManifest.xml:18:5-81
79            android:name="notch.config"
79-->src\main\AndroidManifest.xml:18:16-43
80            android:value="portrait|landscape" />
80-->src\main\AndroidManifest.xml:18:44-78
81        <meta-data
81-->src\main\AndroidManifest.xml:19:5-84
82            android:name="unity.auto-report-fully-drawn"
82-->src\main\AndroidManifest.xml:19:16-60
83            android:value="true" />
83-->src\main\AndroidManifest.xml:19:61-81
84        <meta-data
84-->src\main\AndroidManifest.xml:20:5-97
85            android:name="com.samsung.android.vr.application.mode"
85-->src\main\AndroidManifest.xml:20:16-70
86            android:value="vr_only" />
86-->src\main\AndroidManifest.xml:20:71-94
87        <meta-data
87-->src\main\AndroidManifest.xml:21:5-90
88            android:name="com.unity.xr.oculus.LowOverheadMode"
88-->src\main\AndroidManifest.xml:21:16-66
89            android:value="true" />
89-->src\main\AndroidManifest.xml:21:67-87
90        <meta-data
90-->src\main\AndroidManifest.xml:22:5-88
91            android:name="com.unity.xr.oculus.LateLatching"
91-->src\main\AndroidManifest.xml:22:16-63
92            android:value="false" />
92-->src\main\AndroidManifest.xml:22:64-85
93        <meta-data
93-->src\main\AndroidManifest.xml:23:5-93
94            android:name="com.unity.xr.oculus.LateLatchingDebug"
94-->src\main\AndroidManifest.xml:23:16-68
95            android:value="false" />
95-->src\main\AndroidManifest.xml:23:69-90
96        <meta-data
96-->src\main\AndroidManifest.xml:24:5-98
97            android:name="com.oculus.supportedDevices"
97-->src\main\AndroidManifest.xml:24:16-58
98            android:value="quest|quest2|cambria" />
98-->src\main\AndroidManifest.xml:24:59-95
99    </application>
100
101</manifest>